CRITICAL - 2023-08-13 13:30:59 --> Undefined property: App\Controllers\Guru::$Guru
in APPPATH\Controllers\Guru.php on line 48.
 1 APPPATH\Controllers\Guru.php(48): CodeIgniter\Debug\Exceptions->errorHandler(2, 'Undefined property: App\\Controllers\\Guru::$Guru', 'C:\\laragon\\www\\admin_utama\\app\\Controllers\\Guru.php', 48)
 2 SYSTEMPATH\CodeIgniter.php(932): App\Controllers\Guru->store()
 3 SYSTEMPATH\CodeIgniter.php(497): CodeIgniter\CodeIgniter->runController(Object(App\Controllers\Guru))
 4 SYSTEMPATH\CodeIgniter.php(366): CodeIgniter\CodeIgniter->handleRequest(null, Object(Config\Cache), false)
 5 FCPATH\index.php(67): CodeIgniter\CodeIgniter->run()
 6 SYSTEMPATH\Commands\Server\rewrite.php(47): require_once('C:\\laragon\\www\\admin_utama\\public\\index.php')
CRITICAL - 2023-08-13 13:35:11 --> Unsupported operand types: string + int
in APPPATH\Views\guru\index.php on line 38.
 1 SYSTEMPATH\View\View.php(224): include()
 2 SYSTEMPATH\View\View.php(227): CodeIgniter\View\View->CodeIgniter\View\{closure}()
 3 SYSTEMPATH\Common.php(1176): CodeIgniter\View\View->render('guru/index', [], true)
 4 APPPATH\Controllers\Guru.php(23): view('guru/index', [...])
 5 SYSTEMPATH\CodeIgniter.php(932): App\Controllers\Guru->index()
 6 SYSTEMPATH\CodeIgniter.php(497): CodeIgniter\CodeIgniter->runController(Object(App\Controllers\Guru))
 7 SYSTEMPATH\CodeIgniter.php(366): CodeIgniter\CodeIgniter->handleRequest(null, Object(Config\Cache), false)
 8 FCPATH\index.php(67): CodeIgniter\CodeIgniter->run()
 9 SYSTEMPATH\Commands\Server\rewrite.php(47): require_once('C:\\laragon\\www\\admin_utama\\public\\index.php')
CRITICAL - 2023-08-13 13:36:19 --> Undefined variable $data
in APPPATH\Views\guru\index.php on line 36.
 1 APPPATH\Views\guru\index.php(36): CodeIgniter\Debug\Exceptions->errorHandler(2, 'Undefined variable $data', 'C:\\laragon\\www\\admin_utama\\app\\Views\\guru\\index.php', 36)
 2 SYSTEMPATH\View\View.php(224): include('C:\\laragon\\www\\admin_utama\\app\\Views\\guru\\index.php')
 3 SYSTEMPATH\View\View.php(227): CodeIgniter\View\View->CodeIgniter\View\{closure}()
 4 SYSTEMPATH\Common.php(1176): CodeIgniter\View\View->render('guru/index', [], true)
 5 APPPATH\Controllers\Guru.php(23): view('guru/index', [...])
 6 SYSTEMPATH\CodeIgniter.php(932): App\Controllers\Guru->index()
 7 SYSTEMPATH\CodeIgniter.php(497): CodeIgniter\CodeIgniter->runController(Object(App\Controllers\Guru))
 8 SYSTEMPATH\CodeIgniter.php(366): CodeIgniter\CodeIgniter->handleRequest(null, Object(Config\Cache), false)
 9 FCPATH\index.php(67): CodeIgniter\CodeIgniter->run()
10 SYSTEMPATH\Commands\Server\rewrite.php(47): require_once('C:\\laragon\\www\\admin_utama\\public\\index.php')
CRITICAL - 2023-08-13 13:37:55 --> Unsupported operand types: string + int
in APPPATH\Views\guru\index.php on line 38.
 1 SYSTEMPATH\View\View.php(224): include()
 2 SYSTEMPATH\View\View.php(227): CodeIgniter\View\View->CodeIgniter\View\{closure}()
 3 SYSTEMPATH\Common.php(1176): CodeIgniter\View\View->render('guru/index', [], true)
 4 APPPATH\Controllers\Guru.php(23): view('guru/index', [...])
 5 SYSTEMPATH\CodeIgniter.php(932): App\Controllers\Guru->index()
 6 SYSTEMPATH\CodeIgniter.php(497): CodeIgniter\CodeIgniter->runController(Object(App\Controllers\Guru))
 7 SYSTEMPATH\CodeIgniter.php(366): CodeIgniter\CodeIgniter->handleRequest(null, Object(Config\Cache), false)
 8 FCPATH\index.php(67): CodeIgniter\CodeIgniter->run()
 9 SYSTEMPATH\Commands\Server\rewrite.php(47): require_once('C:\\laragon\\www\\admin_utama\\public\\index.php')
CRITICAL - 2023-08-13 13:41:34 --> syntax error, unexpected token "."
in APPPATH\Controllers\Guru.php on line 20.
 1 SYSTEMPATH\Autoloader\Autoloader.php(291): CodeIgniter\Autoloader\Autoloader->includeFile('C:\\laragon\\www\\admin_utama\\app\\Controllers\\Guru.php')
 2 SYSTEMPATH\Autoloader\Autoloader.php(269): CodeIgniter\Autoloader\Autoloader->loadInNamespace('App\\Controllers\\Guru')
 3 [internal function]: CodeIgniter\Autoloader\Autoloader->loadClass('App\\Controllers\\Guru')
 4 SYSTEMPATH\CodeIgniter.php(890): class_exists('\\App\\Controllers\\Guru', true)
 5 SYSTEMPATH\CodeIgniter.php(484): CodeIgniter\CodeIgniter->startController()
 6 SYSTEMPATH\CodeIgniter.php(366): CodeIgniter\CodeIgniter->handleRequest(null, Object(Config\Cache), false)
 7 FCPATH\index.php(67): CodeIgniter\CodeIgniter->run()
 8 SYSTEMPATH\Commands\Server\rewrite.php(47): require_once('C:\\laragon\\www\\admin_utama\\public\\index.php')
INFO - 2023-08-13 14:02:52 --> Session: Class initialized using 'CodeIgniter\Session\Handlers\FileHandler' driver.
