CRITICAL - 2023-08-09 14:38:11 --> Call to undefined method App\Models\UserModel::allData
in SYSTEMPATH\Model.php on line 838.
 1 APPPATH\Controllers\Guru.php(13): CodeIgniter\Model->__call('allData', [])
 2 SYSTEMPATH\CodeIgniter.php(932): App\Controllers\Guru->index()
 3 SYSTEMPATH\CodeIgniter.php(497): CodeIgniter\CodeIgniter->runController(Object(App\Controllers\Guru))
 4 SYSTEMPATH\CodeIgniter.php(366): CodeIgniter\CodeIgniter->handleRequest(null, Object(Config\Cache), false)
 5 FCPATH\index.php(67): CodeIgniter\CodeIgniter->run()
 6 SYSTEMPATH\Commands\Server\rewrite.php(47): require_once('C:\\laragon\\www\\admin_utama\\public\\index.php')
CRITICAL - 2023-08-09 15:23:05 --> Call to undefined method App\Controllers\Guru::bcrypt()
in APPPATH\Controllers\Guru.php on line 39.
 1 SYSTEMPATH\CodeIgniter.php(932): App\Controllers\Guru->store()
 2 SYSTEMPATH\CodeIgniter.php(497): CodeIgniter\CodeIgniter->runController(Object(App\Controllers\Guru))
 3 SYSTEMPATH\CodeIgniter.php(366): CodeIgniter\CodeIgniter->handleRequest(null, Object(Config\Cache), false)
 4 FCPATH\index.php(67): CodeIgniter\CodeIgniter->run()
 5 SYSTEMPATH\Commands\Server\rewrite.php(47): require_once('C:\\laragon\\www\\admin_utama\\public\\index.php')
CRITICAL - 2023-08-09 16:15:44 --> Undefined variable $row
in APPPATH\Views\guru\index.php on line 43.
 1 APPPATH\Views\guru\index.php(43): CodeIgniter\Debug\Exceptions->errorHandler(2, 'Undefined variable $row', 'C:\\laragon\\www\\admin_utama\\app\\Views\\guru\\index.php', 43)
 2 SYSTEMPATH\View\View.php(224): include('C:\\laragon\\www\\admin_utama\\app\\Views\\guru\\index.php')
 3 SYSTEMPATH\View\View.php(227): CodeIgniter\View\View->CodeIgniter\View\{closure}()
 4 SYSTEMPATH\Common.php(1176): CodeIgniter\View\View->render('guru/index', [], true)
 5 APPPATH\Controllers\Guru.php(23): view('guru/index', [...])
 6 SYSTEMPATH\CodeIgniter.php(932): App\Controllers\Guru->index()
 7 SYSTEMPATH\CodeIgniter.php(497): CodeIgniter\CodeIgniter->runController(Object(App\Controllers\Guru))
 8 SYSTEMPATH\CodeIgniter.php(366): CodeIgniter\CodeIgniter->handleRequest(null, Object(Config\Cache), false)
 9 FCPATH\index.php(67): CodeIgniter\CodeIgniter->run()
10 SYSTEMPATH\Commands\Server\rewrite.php(47): require_once('C:\\laragon\\www\\admin_utama\\public\\index.php')
CRITICAL - 2023-08-09 16:20:01 --> Undefined variable $row
in APPPATH\Views\guru\index.php on line 44.
 1 APPPATH\Views\guru\index.php(44): CodeIgniter\Debug\Exceptions->errorHandler(2, 'Undefined variable $row', 'C:\\laragon\\www\\admin_utama\\app\\Views\\guru\\index.php', 44)
 2 SYSTEMPATH\View\View.php(224): include('C:\\laragon\\www\\admin_utama\\app\\Views\\guru\\index.php')
 3 SYSTEMPATH\View\View.php(227): CodeIgniter\View\View->CodeIgniter\View\{closure}()
 4 SYSTEMPATH\Common.php(1176): CodeIgniter\View\View->render('guru/index', [], true)
 5 APPPATH\Controllers\Guru.php(23): view('guru/index', [...])
 6 SYSTEMPATH\CodeIgniter.php(932): App\Controllers\Guru->index()
 7 SYSTEMPATH\CodeIgniter.php(497): CodeIgniter\CodeIgniter->runController(Object(App\Controllers\Guru))
 8 SYSTEMPATH\CodeIgniter.php(366): CodeIgniter\CodeIgniter->handleRequest(null, Object(Config\Cache), false)
 9 FCPATH\index.php(67): CodeIgniter\CodeIgniter->run()
10 SYSTEMPATH\Commands\Server\rewrite.php(47): require_once('C:\\laragon\\www\\admin_utama\\public\\index.php')
CRITICAL - 2023-08-09 16:20:05 --> Undefined variable $row
in APPPATH\Views\guru\index.php on line 44.
 1 APPPATH\Views\guru\index.php(44): CodeIgniter\Debug\Exceptions->errorHandler(2, 'Undefined variable $row', 'C:\\laragon\\www\\admin_utama\\app\\Views\\guru\\index.php', 44)
 2 SYSTEMPATH\View\View.php(224): include('C:\\laragon\\www\\admin_utama\\app\\Views\\guru\\index.php')
 3 SYSTEMPATH\View\View.php(227): CodeIgniter\View\View->CodeIgniter\View\{closure}()
 4 SYSTEMPATH\Common.php(1176): CodeIgniter\View\View->render('guru/index', [], true)
 5 APPPATH\Controllers\Guru.php(23): view('guru/index', [...])
 6 SYSTEMPATH\CodeIgniter.php(932): App\Controllers\Guru->index()
 7 SYSTEMPATH\CodeIgniter.php(497): CodeIgniter\CodeIgniter->runController(Object(App\Controllers\Guru))
 8 SYSTEMPATH\CodeIgniter.php(366): CodeIgniter\CodeIgniter->handleRequest(null, Object(Config\Cache), false)
 9 FCPATH\index.php(67): CodeIgniter\CodeIgniter->run()
10 SYSTEMPATH\Commands\Server\rewrite.php(47): require_once('C:\\laragon\\www\\admin_utama\\public\\index.php')
CRITICAL - 2023-08-09 16:30:50 --> Trying to access array offset on value of type null
in APPPATH\Views\guru\edit.php on line 16.
 1 APPPATH\Views\guru\edit.php(16): CodeIgniter\Debug\Exceptions->errorHandler(2, 'Trying to access array offset on value of type null', 'C:\\laragon\\www\\admin_utama\\app\\Views\\guru\\edit.php', 16)
 2 SYSTEMPATH\View\View.php(224): include('C:\\laragon\\www\\admin_utama\\app\\Views\\guru\\edit.php')
 3 SYSTEMPATH\View\View.php(227): CodeIgniter\View\View->CodeIgniter\View\{closure}()
 4 SYSTEMPATH\Common.php(1176): CodeIgniter\View\View->render('guru/edit', [], true)
 5 APPPATH\Controllers\Guru.php(69): view('guru/edit', [...])
 6 SYSTEMPATH\CodeIgniter.php(932): App\Controllers\Guru->edit('assets', 'img', 'logoo.png')
 7 SYSTEMPATH\CodeIgniter.php(497): CodeIgniter\CodeIgniter->runController(Object(App\Controllers\Guru))
 8 SYSTEMPATH\CodeIgniter.php(366): CodeIgniter\CodeIgniter->handleRequest(null, Object(Config\Cache), false)
 9 FCPATH\index.php(67): CodeIgniter\CodeIgniter->run()
10 SYSTEMPATH\Commands\Server\rewrite.php(47): require_once('C:\\laragon\\www\\admin_utama\\public\\index.php')
CRITICAL - 2023-08-09 16:32:36 --> Trying to access array offset on value of type null
in APPPATH\Views\guru\edit.php on line 16.
 1 APPPATH\Views\guru\edit.php(16): CodeIgniter\Debug\Exceptions->errorHandler(2, 'Trying to access array offset on value of type null', 'C:\\laragon\\www\\admin_utama\\app\\Views\\guru\\edit.php', 16)
 2 SYSTEMPATH\View\View.php(224): include('C:\\laragon\\www\\admin_utama\\app\\Views\\guru\\edit.php')
 3 SYSTEMPATH\View\View.php(227): CodeIgniter\View\View->CodeIgniter\View\{closure}()
 4 SYSTEMPATH\Common.php(1176): CodeIgniter\View\View->render('guru/edit', [], true)
 5 APPPATH\Controllers\Guru.php(69): view('guru/edit', [...])
 6 SYSTEMPATH\CodeIgniter.php(932): App\Controllers\Guru->edit('assets', 'img', 'logoo.png')
 7 SYSTEMPATH\CodeIgniter.php(497): CodeIgniter\CodeIgniter->runController(Object(App\Controllers\Guru))
 8 SYSTEMPATH\CodeIgniter.php(366): CodeIgniter\CodeIgniter->handleRequest(null, Object(Config\Cache), false)
 9 FCPATH\index.php(67): CodeIgniter\CodeIgniter->run()
10 SYSTEMPATH\Commands\Server\rewrite.php(47): require_once('C:\\laragon\\www\\admin_utama\\public\\index.php')
CRITICAL - 2023-08-09 16:34:56 --> Trying to access array offset on value of type null
in APPPATH\Views\guru\edit.php on line 16.
 1 APPPATH\Views\guru\edit.php(16): CodeIgniter\Debug\Exceptions->errorHandler(2, 'Trying to access array offset on value of type null', 'C:\\laragon\\www\\admin_utama\\app\\Views\\guru\\edit.php', 16)
 2 SYSTEMPATH\View\View.php(224): include('C:\\laragon\\www\\admin_utama\\app\\Views\\guru\\edit.php')
 3 SYSTEMPATH\View\View.php(227): CodeIgniter\View\View->CodeIgniter\View\{closure}()
 4 SYSTEMPATH\Common.php(1176): CodeIgniter\View\View->render('guru/edit', [], true)
 5 APPPATH\Controllers\Guru.php(69): view('guru/edit', [...])
 6 SYSTEMPATH\CodeIgniter.php(932): App\Controllers\Guru->edit('assets', 'img', 'logoo.png')
 7 SYSTEMPATH\CodeIgniter.php(497): CodeIgniter\CodeIgniter->runController(Object(App\Controllers\Guru))
 8 SYSTEMPATH\CodeIgniter.php(366): CodeIgniter\CodeIgniter->handleRequest(null, Object(Config\Cache), false)
 9 FCPATH\index.php(67): CodeIgniter\CodeIgniter->run()
10 SYSTEMPATH\Commands\Server\rewrite.php(47): require_once('C:\\laragon\\www\\admin_utama\\public\\index.php')
CRITICAL - 2023-08-09 16:35:36 --> Trying to access array offset on value of type null
in APPPATH\Views\guru\edit.php on line 16.
 1 APPPATH\Views\guru\edit.php(16): CodeIgniter\Debug\Exceptions->errorHandler(2, 'Trying to access array offset on value of type null', 'C:\\laragon\\www\\admin_utama\\app\\Views\\guru\\edit.php', 16)
 2 SYSTEMPATH\View\View.php(224): include('C:\\laragon\\www\\admin_utama\\app\\Views\\guru\\edit.php')
 3 SYSTEMPATH\View\View.php(227): CodeIgniter\View\View->CodeIgniter\View\{closure}()
 4 SYSTEMPATH\Common.php(1176): CodeIgniter\View\View->render('guru/edit', [], true)
 5 APPPATH\Controllers\Guru.php(69): view('guru/edit', [...])
 6 SYSTEMPATH\CodeIgniter.php(932): App\Controllers\Guru->edit('assets', 'img', 'logoo.png')
 7 SYSTEMPATH\CodeIgniter.php(497): CodeIgniter\CodeIgniter->runController(Object(App\Controllers\Guru))
 8 SYSTEMPATH\CodeIgniter.php(366): CodeIgniter\CodeIgniter->handleRequest(null, Object(Config\Cache), false)
 9 FCPATH\index.php(67): CodeIgniter\CodeIgniter->run()
10 SYSTEMPATH\Commands\Server\rewrite.php(47): require_once('C:\\laragon\\www\\admin_utama\\public\\index.php')
CRITICAL - 2023-08-09 16:36:36 --> Trying to access array offset on value of type null
in APPPATH\Views\guru\edit.php on line 16.
 1 APPPATH\Views\guru\edit.php(16): CodeIgniter\Debug\Exceptions->errorHandler(2, 'Trying to access array offset on value of type null', 'C:\\laragon\\www\\admin_utama\\app\\Views\\guru\\edit.php', 16)
 2 SYSTEMPATH\View\View.php(224): include('C:\\laragon\\www\\admin_utama\\app\\Views\\guru\\edit.php')
 3 SYSTEMPATH\View\View.php(227): CodeIgniter\View\View->CodeIgniter\View\{closure}()
 4 SYSTEMPATH\Common.php(1176): CodeIgniter\View\View->render('guru/edit', [], true)
 5 APPPATH\Controllers\Guru.php(69): view('guru/edit', [...])
 6 SYSTEMPATH\CodeIgniter.php(932): App\Controllers\Guru->edit('assets', 'img', 'logoo.png')
 7 SYSTEMPATH\CodeIgniter.php(497): CodeIgniter\CodeIgniter->runController(Object(App\Controllers\Guru))
 8 SYSTEMPATH\CodeIgniter.php(366): CodeIgniter\CodeIgniter->handleRequest(null, Object(Config\Cache), false)
 9 FCPATH\index.php(67): CodeIgniter\CodeIgniter->run()
10 SYSTEMPATH\Commands\Server\rewrite.php(47): require_once('C:\\laragon\\www\\admin_utama\\public\\index.php')
CRITICAL - 2023-08-09 16:37:15 --> Trying to access array offset on value of type null
in APPPATH\Views\guru\edit.php on line 16.
 1 APPPATH\Views\guru\edit.php(16): CodeIgniter\Debug\Exceptions->errorHandler(2, 'Trying to access array offset on value of type null', 'C:\\laragon\\www\\admin_utama\\app\\Views\\guru\\edit.php', 16)
 2 SYSTEMPATH\View\View.php(224): include('C:\\laragon\\www\\admin_utama\\app\\Views\\guru\\edit.php')
 3 SYSTEMPATH\View\View.php(227): CodeIgniter\View\View->CodeIgniter\View\{closure}()
 4 SYSTEMPATH\Common.php(1176): CodeIgniter\View\View->render('guru/edit', [], true)
 5 APPPATH\Controllers\Guru.php(69): view('guru/edit', [...])
 6 SYSTEMPATH\CodeIgniter.php(932): App\Controllers\Guru->edit('assets', 'img', 'logoo.png')
 7 SYSTEMPATH\CodeIgniter.php(497): CodeIgniter\CodeIgniter->runController(Object(App\Controllers\Guru))
 8 SYSTEMPATH\CodeIgniter.php(366): CodeIgniter\CodeIgniter->handleRequest(null, Object(Config\Cache), false)
 9 FCPATH\index.php(67): CodeIgniter\CodeIgniter->run()
10 SYSTEMPATH\Commands\Server\rewrite.php(47): require_once('C:\\laragon\\www\\admin_utama\\public\\index.php')
CRITICAL - 2023-08-09 16:40:12 --> Trying to access array offset on value of type null
in APPPATH\Views\guru\edit.php on line 16.
 1 APPPATH\Views\guru\edit.php(16): CodeIgniter\Debug\Exceptions->errorHandler(2, 'Trying to access array offset on value of type null', 'C:\\laragon\\www\\admin_utama\\app\\Views\\guru\\edit.php', 16)
 2 SYSTEMPATH\View\View.php(224): include('C:\\laragon\\www\\admin_utama\\app\\Views\\guru\\edit.php')
 3 SYSTEMPATH\View\View.php(227): CodeIgniter\View\View->CodeIgniter\View\{closure}()
 4 SYSTEMPATH\Common.php(1176): CodeIgniter\View\View->render('guru/edit', [], true)
 5 APPPATH\Controllers\Guru.php(69): view('guru/edit', [...])
 6 SYSTEMPATH\CodeIgniter.php(932): App\Controllers\Guru->edit('assets', 'img', 'logoo.png')
 7 SYSTEMPATH\CodeIgniter.php(497): CodeIgniter\CodeIgniter->runController(Object(App\Controllers\Guru))
 8 SYSTEMPATH\CodeIgniter.php(366): CodeIgniter\CodeIgniter->handleRequest(null, Object(Config\Cache), false)
 9 FCPATH\index.php(67): CodeIgniter\CodeIgniter->run()
10 SYSTEMPATH\Commands\Server\rewrite.php(47): require_once('C:\\laragon\\www\\admin_utama\\public\\index.php')
CRITICAL - 2023-08-09 16:41:26 --> Trying to access array offset on value of type null
in APPPATH\Views\guru\edit.php on line 16.
 1 APPPATH\Views\guru\edit.php(16): CodeIgniter\Debug\Exceptions->errorHandler(2, 'Trying to access array offset on value of type null', 'C:\\laragon\\www\\admin_utama\\app\\Views\\guru\\edit.php', 16)
 2 SYSTEMPATH\View\View.php(224): include('C:\\laragon\\www\\admin_utama\\app\\Views\\guru\\edit.php')
 3 SYSTEMPATH\View\View.php(227): CodeIgniter\View\View->CodeIgniter\View\{closure}()
 4 SYSTEMPATH\Common.php(1176): CodeIgniter\View\View->render('guru/edit', [], true)
 5 APPPATH\Controllers\Guru.php(69): view('guru/edit', [...])
 6 SYSTEMPATH\CodeIgniter.php(932): App\Controllers\Guru->edit('assets', 'img', 'logoo.png')
 7 SYSTEMPATH\CodeIgniter.php(497): CodeIgniter\CodeIgniter->runController(Object(App\Controllers\Guru))
 8 SYSTEMPATH\CodeIgniter.php(366): CodeIgniter\CodeIgniter->handleRequest(null, Object(Config\Cache), false)
 9 FCPATH\index.php(67): CodeIgniter\CodeIgniter->run()
10 SYSTEMPATH\Commands\Server\rewrite.php(47): require_once('C:\\laragon\\www\\admin_utama\\public\\index.php')
CRITICAL - 2023-08-09 16:41:36 --> Trying to access array offset on value of type null
in APPPATH\Views\guru\edit.php on line 16.
 1 APPPATH\Views\guru\edit.php(16): CodeIgniter\Debug\Exceptions->errorHandler(2, 'Trying to access array offset on value of type null', 'C:\\laragon\\www\\admin_utama\\app\\Views\\guru\\edit.php', 16)
 2 SYSTEMPATH\View\View.php(224): include('C:\\laragon\\www\\admin_utama\\app\\Views\\guru\\edit.php')
 3 SYSTEMPATH\View\View.php(227): CodeIgniter\View\View->CodeIgniter\View\{closure}()
 4 SYSTEMPATH\Common.php(1176): CodeIgniter\View\View->render('guru/edit', [], true)
 5 APPPATH\Controllers\Guru.php(69): view('guru/edit', [...])
 6 SYSTEMPATH\CodeIgniter.php(932): App\Controllers\Guru->edit('assets', 'img', 'logoo.png')
 7 SYSTEMPATH\CodeIgniter.php(497): CodeIgniter\CodeIgniter->runController(Object(App\Controllers\Guru))
 8 SYSTEMPATH\CodeIgniter.php(366): CodeIgniter\CodeIgniter->handleRequest(null, Object(Config\Cache), false)
 9 FCPATH\index.php(67): CodeIgniter\CodeIgniter->run()
10 SYSTEMPATH\Commands\Server\rewrite.php(47): require_once('C:\\laragon\\www\\admin_utama\\public\\index.php')
CRITICAL - 2023-08-09 16:41:59 --> Trying to access array offset on value of type null
in APPPATH\Views\guru\edit.php on line 16.
 1 APPPATH\Views\guru\edit.php(16): CodeIgniter\Debug\Exceptions->errorHandler(2, 'Trying to access array offset on value of type null', 'C:\\laragon\\www\\admin_utama\\app\\Views\\guru\\edit.php', 16)
 2 SYSTEMPATH\View\View.php(224): include('C:\\laragon\\www\\admin_utama\\app\\Views\\guru\\edit.php')
 3 SYSTEMPATH\View\View.php(227): CodeIgniter\View\View->CodeIgniter\View\{closure}()
 4 SYSTEMPATH\Common.php(1176): CodeIgniter\View\View->render('guru/edit', [], true)
 5 APPPATH\Controllers\Guru.php(69): view('guru/edit', [...])
 6 SYSTEMPATH\CodeIgniter.php(932): App\Controllers\Guru->edit('assets', 'img', 'logoo.png')
 7 SYSTEMPATH\CodeIgniter.php(497): CodeIgniter\CodeIgniter->runController(Object(App\Controllers\Guru))
 8 SYSTEMPATH\CodeIgniter.php(366): CodeIgniter\CodeIgniter->handleRequest(null, Object(Config\Cache), false)
 9 FCPATH\index.php(67): CodeIgniter\CodeIgniter->run()
10 SYSTEMPATH\Commands\Server\rewrite.php(47): require_once('C:\\laragon\\www\\admin_utama\\public\\index.php')
CRITICAL - 2023-08-09 16:42:25 --> Trying to access array offset on value of type null
in APPPATH\Views\guru\edit.php on line 16.
 1 APPPATH\Views\guru\edit.php(16): CodeIgniter\Debug\Exceptions->errorHandler(2, 'Trying to access array offset on value of type null', 'C:\\laragon\\www\\admin_utama\\app\\Views\\guru\\edit.php', 16)
 2 SYSTEMPATH\View\View.php(224): include('C:\\laragon\\www\\admin_utama\\app\\Views\\guru\\edit.php')
 3 SYSTEMPATH\View\View.php(227): CodeIgniter\View\View->CodeIgniter\View\{closure}()
 4 SYSTEMPATH\Common.php(1176): CodeIgniter\View\View->render('guru/edit', [], true)
 5 APPPATH\Controllers\Guru.php(69): view('guru/edit', [...])
 6 SYSTEMPATH\CodeIgniter.php(932): App\Controllers\Guru->edit('assets', 'img', 'logoo.png')
 7 SYSTEMPATH\CodeIgniter.php(497): CodeIgniter\CodeIgniter->runController(Object(App\Controllers\Guru))
 8 SYSTEMPATH\CodeIgniter.php(366): CodeIgniter\CodeIgniter->handleRequest(null, Object(Config\Cache), false)
 9 FCPATH\index.php(67): CodeIgniter\CodeIgniter->run()
10 SYSTEMPATH\Commands\Server\rewrite.php(47): require_once('C:\\laragon\\www\\admin_utama\\public\\index.php')
CRITICAL - 2023-08-09 16:42:34 --> Trying to access array offset on value of type null
in APPPATH\Views\guru\edit.php on line 16.
 1 APPPATH\Views\guru\edit.php(16): CodeIgniter\Debug\Exceptions->errorHandler(2, 'Trying to access array offset on value of type null', 'C:\\laragon\\www\\admin_utama\\app\\Views\\guru\\edit.php', 16)
 2 SYSTEMPATH\View\View.php(224): include('C:\\laragon\\www\\admin_utama\\app\\Views\\guru\\edit.php')
 3 SYSTEMPATH\View\View.php(227): CodeIgniter\View\View->CodeIgniter\View\{closure}()
 4 SYSTEMPATH\Common.php(1176): CodeIgniter\View\View->render('guru/edit', [], true)
 5 APPPATH\Controllers\Guru.php(69): view('guru/edit', [...])
 6 SYSTEMPATH\CodeIgniter.php(932): App\Controllers\Guru->edit('assets', 'img', 'logoo.png')
 7 SYSTEMPATH\CodeIgniter.php(497): CodeIgniter\CodeIgniter->runController(Object(App\Controllers\Guru))
 8 SYSTEMPATH\CodeIgniter.php(366): CodeIgniter\CodeIgniter->handleRequest(null, Object(Config\Cache), false)
 9 FCPATH\index.php(67): CodeIgniter\CodeIgniter->run()
10 SYSTEMPATH\Commands\Server\rewrite.php(47): require_once('C:\\laragon\\www\\admin_utama\\public\\index.php')
CRITICAL - 2023-08-09 16:43:42 --> Trying to access array offset on value of type null
in APPPATH\Views\guru\edit.php on line 16.
 1 APPPATH\Views\guru\edit.php(16): CodeIgniter\Debug\Exceptions->errorHandler(2, 'Trying to access array offset on value of type null', 'C:\\laragon\\www\\admin_utama\\app\\Views\\guru\\edit.php', 16)
 2 SYSTEMPATH\View\View.php(224): include('C:\\laragon\\www\\admin_utama\\app\\Views\\guru\\edit.php')
 3 SYSTEMPATH\View\View.php(227): CodeIgniter\View\View->CodeIgniter\View\{closure}()
 4 SYSTEMPATH\Common.php(1176): CodeIgniter\View\View->render('guru/edit', [], true)
 5 APPPATH\Controllers\Guru.php(69): view('guru/edit', [...])
 6 SYSTEMPATH\CodeIgniter.php(932): App\Controllers\Guru->edit('assets', 'img', 'logoo.png')
 7 SYSTEMPATH\CodeIgniter.php(497): CodeIgniter\CodeIgniter->runController(Object(App\Controllers\Guru))
 8 SYSTEMPATH\CodeIgniter.php(366): CodeIgniter\CodeIgniter->handleRequest(null, Object(Config\Cache), false)
 9 FCPATH\index.php(67): CodeIgniter\CodeIgniter->run()
10 SYSTEMPATH\Commands\Server\rewrite.php(47): require_once('C:\\laragon\\www\\admin_utama\\public\\index.php')
CRITICAL - 2023-08-09 16:45:39 --> Trying to access array offset on value of type null
in APPPATH\Views\guru\edit.php on line 16.
 1 APPPATH\Views\guru\edit.php(16): CodeIgniter\Debug\Exceptions->errorHandler(2, 'Trying to access array offset on value of type null', 'C:\\laragon\\www\\admin_utama\\app\\Views\\guru\\edit.php', 16)
 2 SYSTEMPATH\View\View.php(224): include('C:\\laragon\\www\\admin_utama\\app\\Views\\guru\\edit.php')
 3 SYSTEMPATH\View\View.php(227): CodeIgniter\View\View->CodeIgniter\View\{closure}()
 4 SYSTEMPATH\Common.php(1176): CodeIgniter\View\View->render('guru/edit', [], true)
 5 APPPATH\Controllers\Guru.php(69): view('guru/edit', [...])
 6 SYSTEMPATH\CodeIgniter.php(932): App\Controllers\Guru->edit('assets', 'img', 'logoo.png')
 7 SYSTEMPATH\CodeIgniter.php(497): CodeIgniter\CodeIgniter->runController(Object(App\Controllers\Guru))
 8 SYSTEMPATH\CodeIgniter.php(366): CodeIgniter\CodeIgniter->handleRequest(null, Object(Config\Cache), false)
 9 FCPATH\index.php(67): CodeIgniter\CodeIgniter->run()
10 SYSTEMPATH\Commands\Server\rewrite.php(47): require_once('C:\\laragon\\www\\admin_utama\\public\\index.php')
CRITICAL - 2023-08-09 16:47:37 --> Trying to access array offset on value of type null
in APPPATH\Views\guru\edit.php on line 16.
 1 APPPATH\Views\guru\edit.php(16): CodeIgniter\Debug\Exceptions->errorHandler(2, 'Trying to access array offset on value of type null', 'C:\\laragon\\www\\admin_utama\\app\\Views\\guru\\edit.php', 16)
 2 SYSTEMPATH\View\View.php(224): include('C:\\laragon\\www\\admin_utama\\app\\Views\\guru\\edit.php')
 3 SYSTEMPATH\View\View.php(227): CodeIgniter\View\View->CodeIgniter\View\{closure}()
 4 SYSTEMPATH\Common.php(1176): CodeIgniter\View\View->render('guru/edit', [], true)
 5 APPPATH\Controllers\Guru.php(69): view('guru/edit', [...])
 6 SYSTEMPATH\CodeIgniter.php(932): App\Controllers\Guru->edit('assets', 'img', 'logoo.png')
 7 SYSTEMPATH\CodeIgniter.php(497): CodeIgniter\CodeIgniter->runController(Object(App\Controllers\Guru))
 8 SYSTEMPATH\CodeIgniter.php(366): CodeIgniter\CodeIgniter->handleRequest(null, Object(Config\Cache), false)
 9 FCPATH\index.php(67): CodeIgniter\CodeIgniter->run()
10 SYSTEMPATH\Commands\Server\rewrite.php(47): require_once('C:\\laragon\\www\\admin_utama\\public\\index.php')
CRITICAL - 2023-08-09 16:48:46 --> Trying to access array offset on value of type null
in APPPATH\Views\guru\edit.php on line 16.
 1 APPPATH\Views\guru\edit.php(16): CodeIgniter\Debug\Exceptions->errorHandler(2, 'Trying to access array offset on value of type null', 'C:\\laragon\\www\\admin_utama\\app\\Views\\guru\\edit.php', 16)
 2 SYSTEMPATH\View\View.php(224): include('C:\\laragon\\www\\admin_utama\\app\\Views\\guru\\edit.php')
 3 SYSTEMPATH\View\View.php(227): CodeIgniter\View\View->CodeIgniter\View\{closure}()
 4 SYSTEMPATH\Common.php(1176): CodeIgniter\View\View->render('guru/edit', [], true)
 5 APPPATH\Controllers\Guru.php(69): view('guru/edit', [...])
 6 SYSTEMPATH\CodeIgniter.php(932): App\Controllers\Guru->edit('assets', 'img', 'logoo.png')
 7 SYSTEMPATH\CodeIgniter.php(497): CodeIgniter\CodeIgniter->runController(Object(App\Controllers\Guru))
 8 SYSTEMPATH\CodeIgniter.php(366): CodeIgniter\CodeIgniter->handleRequest(null, Object(Config\Cache), false)
 9 FCPATH\index.php(67): CodeIgniter\CodeIgniter->run()
10 SYSTEMPATH\Commands\Server\rewrite.php(47): require_once('C:\\laragon\\www\\admin_utama\\public\\index.php')
CRITICAL - 2023-08-09 16:54:34 --> Trying to access array offset on value of type null
in APPPATH\Views\guru\edit.php on line 16.
 1 APPPATH\Views\guru\edit.php(16): CodeIgniter\Debug\Exceptions->errorHandler(2, 'Trying to access array offset on value of type null', 'C:\\laragon\\www\\admin_utama\\app\\Views\\guru\\edit.php', 16)
 2 SYSTEMPATH\View\View.php(224): include('C:\\laragon\\www\\admin_utama\\app\\Views\\guru\\edit.php')
 3 SYSTEMPATH\View\View.php(227): CodeIgniter\View\View->CodeIgniter\View\{closure}()
 4 SYSTEMPATH\Common.php(1176): CodeIgniter\View\View->render('guru/edit', [], true)
 5 APPPATH\Controllers\Guru.php(69): view('guru/edit', [...])
 6 SYSTEMPATH\CodeIgniter.php(932): App\Controllers\Guru->edit('assets', 'img', 'logoo.png')
 7 SYSTEMPATH\CodeIgniter.php(497): CodeIgniter\CodeIgniter->runController(Object(App\Controllers\Guru))
 8 SYSTEMPATH\CodeIgniter.php(366): CodeIgniter\CodeIgniter->handleRequest(null, Object(Config\Cache), false)
 9 FCPATH\index.php(67): CodeIgniter\CodeIgniter->run()
10 SYSTEMPATH\Commands\Server\rewrite.php(47): require_once('C:\\laragon\\www\\admin_utama\\public\\index.php')
CRITICAL - 2023-08-09 16:57:01 --> Trying to access array offset on value of type null
in APPPATH\Views\guru\edit.php on line 16.
 1 APPPATH\Views\guru\edit.php(16): CodeIgniter\Debug\Exceptions->errorHandler(2, 'Trying to access array offset on value of type null', 'C:\\laragon\\www\\admin_utama\\app\\Views\\guru\\edit.php', 16)
 2 SYSTEMPATH\View\View.php(224): include('C:\\laragon\\www\\admin_utama\\app\\Views\\guru\\edit.php')
 3 SYSTEMPATH\View\View.php(227): CodeIgniter\View\View->CodeIgniter\View\{closure}()
 4 SYSTEMPATH\Common.php(1176): CodeIgniter\View\View->render('guru/edit', [], true)
 5 APPPATH\Controllers\Guru.php(69): view('guru/edit', [...])
 6 SYSTEMPATH\CodeIgniter.php(932): App\Controllers\Guru->edit('assets', 'img', 'logoo.png')
 7 SYSTEMPATH\CodeIgniter.php(497): CodeIgniter\CodeIgniter->runController(Object(App\Controllers\Guru))
 8 SYSTEMPATH\CodeIgniter.php(366): CodeIgniter\CodeIgniter->handleRequest(null, Object(Config\Cache), false)
 9 FCPATH\index.php(67): CodeIgniter\CodeIgniter->run()
10 SYSTEMPATH\Commands\Server\rewrite.php(47): require_once('C:\\laragon\\www\\admin_utama\\public\\index.php')
CRITICAL - 2023-08-09 16:58:52 --> Trying to access array offset on value of type null
in APPPATH\Views\guru\edit.php on line 16.
 1 APPPATH\Views\guru\edit.php(16): CodeIgniter\Debug\Exceptions->errorHandler(2, 'Trying to access array offset on value of type null', 'C:\\laragon\\www\\admin_utama\\app\\Views\\guru\\edit.php', 16)
 2 SYSTEMPATH\View\View.php(224): include('C:\\laragon\\www\\admin_utama\\app\\Views\\guru\\edit.php')
 3 SYSTEMPATH\View\View.php(227): CodeIgniter\View\View->CodeIgniter\View\{closure}()
 4 SYSTEMPATH\Common.php(1176): CodeIgniter\View\View->render('guru/edit', [], true)
 5 APPPATH\Controllers\Guru.php(69): view('guru/edit', [...])
 6 SYSTEMPATH\CodeIgniter.php(932): App\Controllers\Guru->edit('assets', 'img', 'logoo.png')
 7 SYSTEMPATH\CodeIgniter.php(497): CodeIgniter\CodeIgniter->runController(Object(App\Controllers\Guru))
 8 SYSTEMPATH\CodeIgniter.php(366): CodeIgniter\CodeIgniter->handleRequest(null, Object(Config\Cache), false)
 9 FCPATH\index.php(67): CodeIgniter\CodeIgniter->run()
10 SYSTEMPATH\Commands\Server\rewrite.php(47): require_once('C:\\laragon\\www\\admin_utama\\public\\index.php')
CRITICAL - 2023-08-09 17:03:00 --> Trying to access array offset on value of type null
in APPPATH\Views\guru\edit.php on line 16.
 1 APPPATH\Views\guru\edit.php(16): CodeIgniter\Debug\Exceptions->errorHandler(2, 'Trying to access array offset on value of type null', 'C:\\laragon\\www\\admin_utama\\app\\Views\\guru\\edit.php', 16)
 2 SYSTEMPATH\View\View.php(224): include('C:\\laragon\\www\\admin_utama\\app\\Views\\guru\\edit.php')
 3 SYSTEMPATH\View\View.php(227): CodeIgniter\View\View->CodeIgniter\View\{closure}()
 4 SYSTEMPATH\Common.php(1176): CodeIgniter\View\View->render('guru/edit', [], true)
 5 APPPATH\Controllers\Guru.php(69): view('guru/edit', [...])
 6 SYSTEMPATH\CodeIgniter.php(932): App\Controllers\Guru->edit('assets', 'img', 'logoo.png')
 7 SYSTEMPATH\CodeIgniter.php(497): CodeIgniter\CodeIgniter->runController(Object(App\Controllers\Guru))
 8 SYSTEMPATH\CodeIgniter.php(366): CodeIgniter\CodeIgniter->handleRequest(null, Object(Config\Cache), false)
 9 FCPATH\index.php(67): CodeIgniter\CodeIgniter->run()
10 SYSTEMPATH\Commands\Server\rewrite.php(47): require_once('C:\\laragon\\www\\admin_utama\\public\\index.php')
CRITICAL - 2023-08-09 17:06:55 --> syntax error, unexpected token "=>", expecting "]"
in APPPATH\Controllers\Guru.php on line 74.
 1 SYSTEMPATH\Router\Router.php(510): CodeIgniter\Router\AutoRouter->getRoute('guru/update/22', 'post')
 2 SYSTEMPATH\Router\Router.php(208): CodeIgniter\Router\Router->autoRoute('guru/update/22')
 3 SYSTEMPATH\CodeIgniter.php(813): CodeIgniter\Router\Router->handle('guru/update/22')
 4 SYSTEMPATH\CodeIgniter.php(447): CodeIgniter\CodeIgniter->tryToRouteIt(Object(CodeIgniter\Router\RouteCollection))
 5 SYSTEMPATH\CodeIgniter.php(366): CodeIgniter\CodeIgniter->handleRequest(null, Object(Config\Cache), false)
 6 FCPATH\index.php(67): CodeIgniter\CodeIgniter->run()
 7 SYSTEMPATH\Commands\Server\rewrite.php(47): require_once('C:\\laragon\\www\\admin_utama\\public\\index.php')
CRITICAL - 2023-08-09 17:09:21 --> syntax error, unexpected token "}", expecting ";"
in APPPATH\Controllers\Guru.php on line 106.
 1 SYSTEMPATH\Router\Router.php(510): CodeIgniter\Router\AutoRouter->getRoute('guru/update/22', 'post')
 2 SYSTEMPATH\Router\Router.php(208): CodeIgniter\Router\Router->autoRoute('guru/update/22')
 3 SYSTEMPATH\CodeIgniter.php(813): CodeIgniter\Router\Router->handle('guru/update/22')
 4 SYSTEMPATH\CodeIgniter.php(447): CodeIgniter\CodeIgniter->tryToRouteIt(Object(CodeIgniter\Router\RouteCollection))
 5 SYSTEMPATH\CodeIgniter.php(366): CodeIgniter\CodeIgniter->handleRequest(null, Object(Config\Cache), false)
 6 FCPATH\index.php(67): CodeIgniter\CodeIgniter->run()
 7 SYSTEMPATH\Commands\Server\rewrite.php(47): require_once('C:\\laragon\\www\\admin_utama\\public\\index.php')
CRITICAL - 2023-08-09 17:09:55 --> Trying to access array offset on value of type null
in APPPATH\Views\guru\edit.php on line 16.
 1 APPPATH\Views\guru\edit.php(16): CodeIgniter\Debug\Exceptions->errorHandler(2, 'Trying to access array offset on value of type null', 'C:\\laragon\\www\\admin_utama\\app\\Views\\guru\\edit.php', 16)
 2 SYSTEMPATH\View\View.php(224): include('C:\\laragon\\www\\admin_utama\\app\\Views\\guru\\edit.php')
 3 SYSTEMPATH\View\View.php(227): CodeIgniter\View\View->CodeIgniter\View\{closure}()
 4 SYSTEMPATH\Common.php(1176): CodeIgniter\View\View->render('guru/edit', [], true)
 5 APPPATH\Controllers\Guru.php(68): view('guru/edit', [...])
 6 SYSTEMPATH\CodeIgniter.php(932): App\Controllers\Guru->edit('assets', 'img', 'logoo.png')
 7 SYSTEMPATH\CodeIgniter.php(497): CodeIgniter\CodeIgniter->runController(Object(App\Controllers\Guru))
 8 SYSTEMPATH\CodeIgniter.php(366): CodeIgniter\CodeIgniter->handleRequest(null, Object(Config\Cache), false)
 9 FCPATH\index.php(67): CodeIgniter\CodeIgniter->run()
10 SYSTEMPATH\Commands\Server\rewrite.php(47): require_once('C:\\laragon\\www\\admin_utama\\public\\index.php')
CRITICAL - 2023-08-09 17:15:50 --> Call to undefined method App\Models\UserModel::delete_data
in SYSTEMPATH\Model.php on line 838.
 1 APPPATH\Controllers\Guru.php(114): CodeIgniter\Model->__call('delete_data', [...])
 2 SYSTEMPATH\CodeIgniter.php(932): App\Controllers\Guru->destroy('20')
 3 SYSTEMPATH\CodeIgniter.php(497): CodeIgniter\CodeIgniter->runController(Object(App\Controllers\Guru))
 4 SYSTEMPATH\CodeIgniter.php(366): CodeIgniter\CodeIgniter->handleRequest(null, Object(Config\Cache), false)
 5 FCPATH\index.php(67): CodeIgniter\CodeIgniter->run()
 6 SYSTEMPATH\Commands\Server\rewrite.php(47): require_once('C:\\laragon\\www\\admin_utama\\public\\index.php')
INFO - 2023-08-09 17:16:56 --> Session: Class initialized using 'CodeIgniter\Session\Handlers\FileHandler' driver.
INFO - 2023-08-09 17:17:05 --> Session: Class initialized using 'CodeIgniter\Session\Handlers\FileHandler' driver.
CRITICAL - 2023-08-09 17:23:54 --> Trying to access array offset on value of type null
in APPPATH\Views\guru\edit.php on line 16.
 1 APPPATH\Views\guru\edit.php(16): CodeIgniter\Debug\Exceptions->errorHandler(2, 'Trying to access array offset on value of type null', 'C:\\laragon\\www\\admin_utama\\app\\Views\\guru\\edit.php', 16)
 2 SYSTEMPATH\View\View.php(224): include('C:\\laragon\\www\\admin_utama\\app\\Views\\guru\\edit.php')
 3 SYSTEMPATH\View\View.php(227): CodeIgniter\View\View->CodeIgniter\View\{closure}()
 4 SYSTEMPATH\Common.php(1176): CodeIgniter\View\View->render('guru/edit', [], true)
 5 APPPATH\Controllers\Guru.php(68): view('guru/edit', [...])
 6 SYSTEMPATH\CodeIgniter.php(932): App\Controllers\Guru->edit('assets', 'img', 'logoo.png')
 7 SYSTEMPATH\CodeIgniter.php(497): CodeIgniter\CodeIgniter->runController(Object(App\Controllers\Guru))
 8 SYSTEMPATH\CodeIgniter.php(366): CodeIgniter\CodeIgniter->handleRequest(null, Object(Config\Cache), false)
 9 FCPATH\index.php(67): CodeIgniter\CodeIgniter->run()
10 SYSTEMPATH\Commands\Server\rewrite.php(47): require_once('C:\\laragon\\www\\admin_utama\\public\\index.php')
INFO - 2023-08-09 17:28:07 --> Session: Class initialized using 'CodeIgniter\Session\Handlers\FileHandler' driver.
INFO - 2023-08-09 17:28:12 --> Session: Class initialized using 'CodeIgniter\Session\Handlers\FileHandler' driver.
